Determining if files sys/filio.h exist failed with the following output:
Change Dir: /mnt/15f210d7-aa4f-4ea8-a4b3-2bd52aeba8fc/Programming/Uni/Algorithms & Collections/PROJECT/COMP09044_CW_PasswordManager/COMP09044_CW_PasswordManager/qca-2.3.4/CMakeFiles/CMakeTmp

Run Build Command(s):/usr/bin/gmake cmTC_bd58b/fast && /usr/bin/gmake  -f CMakeFiles/cmTC_bd58b.dir/build.make CMakeFiles/cmTC_bd58b.dir/build
gmake[1]: Entering directory '/mnt/15f210d7-aa4f-4ea8-a4b3-2bd52aeba8fc/Programming/Uni/Algorithms & Collections/PROJECT/COMP09044_CW_PasswordManager/COMP09044_CW_PasswordManager/qca-2.3.4/CMakeFiles/CMakeTmp'
Building C object CMakeFiles/cmTC_bd58b.dir/HAVE_SYS_FILIO_H.c.o
/usr/bin/cc   -Wcast-align -Wno-long-long -Wundef -Werror-implicit-function-declaration -Wchar-subscripts -Wall -W -Wpointer-arith -Wwrite-strings -Wformat-security -Wmissing-format-attribute -fno-common  -o CMakeFiles/cmTC_bd58b.dir/HAVE_SYS_FILIO_H.c.o -c "/mnt/15f210d7-aa4f-4ea8-a4b3-2bd52aeba8fc/Programming/Uni/Algorithms & Collections/PROJECT/COMP09044_CW_PasswordManager/COMP09044_CW_PasswordManager/qca-2.3.4/CMakeFiles/CheckIncludeFiles/HAVE_SYS_FILIO_H.c"
/mnt/15f210d7-aa4f-4ea8-a4b3-2bd52aeba8fc/Programming/Uni/Algorithms & Collections/PROJECT/COMP09044_CW_PasswordManager/COMP09044_CW_PasswordManager/qca-2.3.4/CMakeFiles/CheckIncludeFiles/HAVE_SYS_FILIO_H.c:2:10: fatal error: sys/filio.h: No such file or directory
    2 | #include <sys/filio.h>
      |          ^~~~~~~~~~~~~
compilation terminated.
gmake[1]: *** [CMakeFiles/cmTC_bd58b.dir/build.make:85: CMakeFiles/cmTC_bd58b.dir/HAVE_SYS_FILIO_H.c.o] Error 1
gmake[1]: Leaving directory '/mnt/15f210d7-aa4f-4ea8-a4b3-2bd52aeba8fc/Programming/Uni/Algorithms & Collections/PROJECT/COMP09044_CW_PasswordManager/COMP09044_CW_PasswordManager/qca-2.3.4/CMakeFiles/CMakeTmp'
gmake: *** [Makefile:140: cmTC_bd58b/fast] Error 2


Source:
/* */
#include <sys/filio.h>


int main(void){return 0;}

Determining if the function EVP_md2 exists failed with the following output:
Change Dir: /mnt/15f210d7-aa4f-4ea8-a4b3-2bd52aeba8fc/Programming/Uni/Algorithms & Collections/PROJECT/COMP09044_CW_PasswordManager/COMP09044_CW_PasswordManager/qca-2.3.4/CMakeFiles/CMakeTmp

Run Build Command(s):/usr/bin/gmake cmTC_d0f5d/fast && /usr/bin/gmake  -f CMakeFiles/cmTC_d0f5d.dir/build.make CMakeFiles/cmTC_d0f5d.dir/build
gmake[1]: Entering directory '/mnt/15f210d7-aa4f-4ea8-a4b3-2bd52aeba8fc/Programming/Uni/Algorithms & Collections/PROJECT/COMP09044_CW_PasswordManager/COMP09044_CW_PasswordManager/qca-2.3.4/CMakeFiles/CMakeTmp'
Building C object CMakeFiles/cmTC_d0f5d.dir/CheckFunctionExists.c.o
/usr/bin/cc   -Wcast-align -Wno-long-long -Wundef -Werror-implicit-function-declaration -Wchar-subscripts -Wall -W -Wpointer-arith -Wwrite-strings -Wformat-security -Wmissing-format-attribute -fno-common -DCHECK_FUNCTION_EXISTS=EVP_md2 -o CMakeFiles/cmTC_d0f5d.dir/CheckFunctionExists.c.o -c /usr/share/cmake-3.18/Modules/CheckFunctionExists.c
Linking C executable cmTC_d0f5d
/usr/bin/cmake -E cmake_link_script CMakeFiles/cmTC_d0f5d.dir/link.txt --verbose=1
/usr/bin/cc  -Wcast-align -Wno-long-long -Wundef -Werror-implicit-function-declaration -Wchar-subscripts -Wall -W -Wpointer-arith -Wwrite-strings -Wformat-security -Wmissing-format-attribute -fno-common -DCHECK_FUNCTION_EXISTS=EVP_md2 CMakeFiles/cmTC_d0f5d.dir/CheckFunctionExists.c.o -o cmTC_d0f5d  /usr/lib/x86_64-linux-gnu/libssl.so /usr/lib/x86_64-linux-gnu/libcrypto.so 
/usr/bin/ld: CMakeFiles/cmTC_d0f5d.dir/CheckFunctionExists.c.o: in function `main':
CheckFunctionExists.c:(.text+0x14): undefined reference to `EVP_md2'
collect2: error: ld returned 1 exit status
gmake[1]: *** [CMakeFiles/cmTC_d0f5d.dir/build.make:108: cmTC_d0f5d] Error 1
gmake[1]: Leaving directory '/mnt/15f210d7-aa4f-4ea8-a4b3-2bd52aeba8fc/Programming/Uni/Algorithms & Collections/PROJECT/COMP09044_CW_PasswordManager/COMP09044_CW_PasswordManager/qca-2.3.4/CMakeFiles/CMakeTmp'
gmake: *** [Makefile:140: cmTC_d0f5d/fast] Error 2



Determining if the function EVP_sha exists failed with the following output:
Change Dir: /mnt/15f210d7-aa4f-4ea8-a4b3-2bd52aeba8fc/Programming/Uni/Algorithms & Collections/PROJECT/COMP09044_CW_PasswordManager/COMP09044_CW_PasswordManager/qca-2.3.4/CMakeFiles/CMakeTmp

Run Build Command(s):/usr/bin/gmake cmTC_a05e2/fast && /usr/bin/gmake  -f CMakeFiles/cmTC_a05e2.dir/build.make CMakeFiles/cmTC_a05e2.dir/build
gmake[1]: Entering directory '/mnt/15f210d7-aa4f-4ea8-a4b3-2bd52aeba8fc/Programming/Uni/Algorithms & Collections/PROJECT/COMP09044_CW_PasswordManager/COMP09044_CW_PasswordManager/qca-2.3.4/CMakeFiles/CMakeTmp'
Building C object CMakeFiles/cmTC_a05e2.dir/CheckFunctionExists.c.o
/usr/bin/cc   -Wcast-align -Wno-long-long -Wundef -Werror-implicit-function-declaration -Wchar-subscripts -Wall -W -Wpointer-arith -Wwrite-strings -Wformat-security -Wmissing-format-attribute -fno-common -DCHECK_FUNCTION_EXISTS=EVP_sha -o CMakeFiles/cmTC_a05e2.dir/CheckFunctionExists.c.o -c /usr/share/cmake-3.18/Modules/CheckFunctionExists.c
Linking C executable cmTC_a05e2
/usr/bin/cmake -E cmake_link_script CMakeFiles/cmTC_a05e2.dir/link.txt --verbose=1
/usr/bin/cc  -Wcast-align -Wno-long-long -Wundef -Werror-implicit-function-declaration -Wchar-subscripts -Wall -W -Wpointer-arith -Wwrite-strings -Wformat-security -Wmissing-format-attribute -fno-common -DCHECK_FUNCTION_EXISTS=EVP_sha CMakeFiles/cmTC_a05e2.dir/CheckFunctionExists.c.o -o cmTC_a05e2  /usr/lib/x86_64-linux-gnu/libssl.so /usr/lib/x86_64-linux-gnu/libcrypto.so 
/usr/bin/ld: CMakeFiles/cmTC_a05e2.dir/CheckFunctionExists.c.o: in function `main':
CheckFunctionExists.c:(.text+0x14): undefined reference to `EVP_sha'
collect2: error: ld returned 1 exit status
gmake[1]: *** [CMakeFiles/cmTC_a05e2.dir/build.make:108: cmTC_a05e2] Error 1
gmake[1]: Leaving directory '/mnt/15f210d7-aa4f-4ea8-a4b3-2bd52aeba8fc/Programming/Uni/Algorithms & Collections/PROJECT/COMP09044_CW_PasswordManager/COMP09044_CW_PasswordManager/qca-2.3.4/CMakeFiles/CMakeTmp'
gmake: *** [Makefile:140: cmTC_a05e2/fast] Error 2



